<?xml version="1.0" encoding="UTF-8"?>
<!-- Generated by org.testng.reporters.JUnitXMLReporter -->
<testsuite ignored="0" hostname="DESKTOP-R32PHDN" failures="0" tests="5" name="chrome test" time="6.913" errors="0" timestamp="2024-04-14T18:39:42 IST">
  <testcase classname="apr05.CrossBrowser" name="verification" time="2.466"/>
  <testcase classname="apr05.CrossBrowser" name="verification" time="0.849"/>
  <testcase classname="apr05.CrossBrowser" name="verification" time="0.859"/>
  <testcase classname="apr05.CrossBrowser" name="verification" time="0.418"/>
  <testcase classname="apr05.CrossBrowser" name="verification" time="0.662"/>
</testsuite> <!-- chrome test -->
