<?xml version="1.0" encoding="UTF-8"?>
<!-- Generated by org.testng.reporters.JUnitXMLReporter -->
<testsuite ignored="0" hostname="DESKTOP-R32PHDN" failures="0" tests="5" name="firefox test" time="7.908" errors="0" timestamp="2024-04-14T18:39:50 IST">
  <testcase classname="apr05.CrossBrowser" name="verification" time="1.708"/>
  <testcase classname="apr05.CrossBrowser" name="verification" time="0.903"/>
  <testcase classname="apr05.CrossBrowser" name="verification" time="0.912"/>
  <testcase classname="apr05.CrossBrowser" name="verification" time="0.468"/>
  <testcase classname="apr05.CrossBrowser" name="verification" time="0.719"/>
</testsuite> <!-- firefox test -->
