<?xml version="1.0" encoding="UTF-8"?>
<!-- Generated by org.testng.reporters.JUnitXMLReporter -->
<testsuite ignored="2" hostname="DESKTOP-R32PHDN" failures="0" tests="5" name=" testingRep" time="50.218" errors="0" timestamp="2024-04-09T13:56:43 IST">
  <testcase classname="apr03.FrstTestNGclass" name="ibanking" time="0.771"/>
  <testcase classname="apr03.FrstTestNGclass" name="pbanking" time="2.035"/>
  <testcase classname="apr03.SecndTestNGclass" name="user" time="0.736"/>
  <testcase classname="apr03.SecndTestNGclass" name="role" time="2.553"/>
  <testcase classname="apr03.SecndTestNGclass" name="branch" time="3.894"/>
  <testcase classname="apr03.FrstTestNGclass" name="cbanking" time="0.0">
    <ignored/>
  </testcase> <!-- cbanking -->
  <testcase classname="apr03.SecndTestNGclass" name="empolyee" time="0.0">
    <ignored/>
  </testcase> <!-- empolyee -->
</testsuite> <!--  testingRep -->
