<?xml version="1.0" encoding="UTF-8"?>
<testng-results ignored="0" total="1" passed="1" failed="0" skipped="0">
  <reporter-output>
  </reporter-output>
  <suite started-at="2024-04-18T22:12:24 IST" name="Default suite" finished-at="2024-04-18T22:12:28 IST" duration-ms="3845">
    <groups>
    </groups>
    <test started-at="2024-04-18T22:12:24 IST" name="Default test" finished-at="2024-04-18T22:12:28 IST" duration-ms="3845">
      <class name="apr18.Acessproporties">
        <test-method signature="test()[pri:0, instance:apr18.Acessproporties@29d89d5d]" started-at="2024-04-18T22:12:24 IST" name="test" finished-at="2024-04-18T22:12:28 IST" duration-ms="3813" status="PASS">
          <reporter-output>
          </reporter-output>
        </test-method> <!-- test -->
      </class> <!-- apr18.Acessproporties -->
    </test> <!-- Default test -->
  </suite> <!-- Default suite -->
</testng-results>
