<?xml version="1.0" encoding="UTF-8"?>
<!-- Generated by org.testng.reporters.JUnitXMLReporter -->
<testsuite ignored="0" hostname="DESKTOP-R32PHDN" failures="0" tests="4" name="ChromeBankAplcn" time="6.332" errors="0" timestamp="2024-04-15T11:36:39 IST">
  <testcase classname="primusBank.AdminLogin" name="verification" time="2.465"/>
  <testcase classname="primusBank.AdminLogin" name="verification" time="0.574"/>
  <testcase classname="primusBank.AdminLogin" name="verification" time="0.567"/>
  <testcase classname="primusBank.AdminLogin" name="verification" time="0.745"/>
</testsuite> <!-- ChromeBankAplcn -->
